# JRE version: OpenJDK Runtime Environment (8.0_76-b03) (build 1.8.0_76-release-b03)
# Java VM: OpenJDK 64-Bit Server VM (25.76-b03 mixed mode windows-amd64 compressed oops)
Heap:
 PSYoungGen      total 74240K, used 57372K [0x00000000e0000000, 0x00000000e5100000, 0x0000000100000000)
  eden space 65536K, 77% used [0x00000000e0000000,0x00000000e31bff38,0x00000000e4000000)
  from space 8704K, 73% used [0x00000000e4880000,0x00000000e4ec73a0,0x00000000e5100000)
  to   space 8704K, 0% used [0x00000000e4000000,0x00000000e4000000,0x00000000e4880000)
 ParOldGen       total 40448K, used 8636K [0x00000000a0000000, 0x00000000a2780000, 0x00000000e0000000)
  object space 40448K, 21% used [0x00000000a0000000,0x00000000a086f218,0x00000000a2780000)
 Metaspace       used 31411K, capacity 32068K, committed 32432K, reserved 1077248K
  class space    used 4250K, capacity 4459K, committed 4528K, reserved 1048576K
GC Heap History (10 events):
Event: 3.941 GC heap before
{Heap before GC invocations=5 (full 0):
 PSYoungGen      total 35328K, used 35296K [0x00000000e0000000, 0x00000000e2500000, 0x0000000100000000)
  eden space 32768K, 100% used [0x00000000e0000000,0x00000000e2000000,0x00000000e2000000)
  from space 2560K, 98% used [0x00000000e2280000,0x00000000e24f8020,0x00000000e2500000)
  to   space 2560K, 0% used [0x00000000e2000000,0x00000000e2000000,0x00000000e2280000)
 ParOldGen       total 44032K, used 4260K [0x00000000a0000000, 0x00000000a2b00000, 0x00000000e0000000)
  object space 44032K, 9% used [0x00000000a0000000,0x00000000a04291f0,0x00000000a2b00000)
 Metaspace       used 18773K, capacity 19168K, committed 19328K, reserved 1067008K
  class space    used 2520K, capacity 2669K, committed 2688K, reserved 1048576K
Event: 3.962 GC heap after
Heap after GC invocations=5 (full 0):
 PSYoungGen      total 35328K, used 2560K [0x00000000e0000000, 0x00000000e5100000, 0x0000000100000000)
  eden space 32768K, 0% used [0x00000000e0000000,0x00000000e0000000,0x00000000e2000000)
  from space 2560K, 100% used [0x00000000e2000000,0x00000000e2280000,0x00000000e2280000)
  to   space 8704K, 0% used [0x00000000e4880000,0x00000000e4880000,0x00000000e5100000)
 ParOldGen       total 44032K, used 10286K [0x00000000a0000000, 0x00000000a2b00000, 0x00000000e0000000)
  object space 44032K, 23% used [0x00000000a0000000,0x00000000a0a0ba90,0x00000000a2b00000)
 Metaspace       used 18773K, capacity 19168K, committed 19328K, reserved 1067008K
  class space    used 2520K, capacity 2669K, committed 2688K, reserved 1048576K
}
Event: 5.058 GC heap before
{Heap before GC invocations=6 (full 0):
 PSYoungGen      total 35328K, used 23197K [0x00000000e0000000, 0x00000000e5100000, 0x0000000100000000)
  eden space 32768K, 62% used [0x00000000e0000000,0x00000000e14276c8,0x00000000e2000000)
  from space 2560K, 100% used [0x00000000e2000000,0x00000000e2280000,0x00000000e2280000)
  to   space 8704K, 0% used [0x00000000e4880000,0x00000000e4880000,0x00000000e5100000)
 ParOldGen       total 44032K, used 10286K [0x00000000a0000000, 0x00000000a2b00000, 0x00000000e0000000)
  object space 44032K, 23% used [0x00000000a0000000,0x00000000a0a0ba90,0x00000000a2b00000)
 Metaspace       used 20791K, capacity 21198K, committed 21296K, reserved 1067008K
  class space    used 2708K, capacity 2825K, committed 2864K, reserved 1048576K
Event: 5.069 GC heap after
Heap after GC invocations=6 (full 0):
 PSYoungGen      total 74240K, used 5433K [0x00000000e0000000, 0x00000000e5100000, 0x0000000100000000)
  eden space 65536K, 0% used [0x00000000e0000000,0x00000000e0000000,0x00000000e4000000)
  from space 8704K, 62% used [0x00000000e4880000,0x00000000e4dce478,0x00000000e5100000)
  to   space 8704K, 0% used [0x00000000e4000000,0x00000000e4000000,0x00000000e4880000)
 ParOldGen       total 44032K, used 10294K [0x00000000a0000000, 0x00000000a2b00000, 0x00000000e0000000)
  object space 44032K, 23% used [0x00000000a0000000,0x00000000a0a0da90,0x00000000a2b00000)
 Metaspace       used 20791K, capacity 21198K, committed 21296K, reserved 1067008K
  class space    used 2708K, capacity 2825K, committed 2864K, reserved 1048576K
}
Event: 5.069 GC heap before
{Heap before GC invocations=7 (full 1):
 PSYoungGen      total 74240K, used 5433K [0x00000000e0000000, 0x00000000e5100000, 0x0000000100000000)
  eden space 65536K, 0% used [0x00000000e0000000,0x00000000e0000000,0x00000000e4000000)
  from space 8704K, 62% used [0x00000000e4880000,0x00000000e4dce478,0x00000000e5100000)
  to   space 8704K, 0% used [0x00000000e4000000,0x00000000e4000000,0x00000000e4880000)
 ParOldGen       total 44032K, used 10294K [0x00000000a0000000, 0x00000000a2b00000, 0x00000000e0000000)
  object space 44032K, 23% used [0x00000000a0000000,0x00000000a0a0da90,0x00000000a2b00000)
 Metaspace       used 20791K, capacity 21198K, committed 21296K, reserved 1067008K
  class space    used 2708K, capacity 2825K, committed 2864K, reserved 1048576K
Event: 5.266 GC heap after
Heap after GC invocations=7 (full 1):
 PSYoungGen      total 74240K, used 0K [0x00000000e0000000, 0x00000000e5100000, 0x0000000100000000)
  eden space 65536K, 0% used [0x00000000e0000000,0x00000000e0000000,0x00000000e4000000)
  from space 8704K, 0% used [0x00000000e4880000,0x00000000e4880000,0x00000000e5100000)
  to   space 8704K, 0% used [0x00000000e4000000,0x00000000e4000000,0x00000000e4880000)
 ParOldGen       total 40448K, used 8620K [0x00000000a0000000, 0x00000000a2780000, 0x00000000e0000000)
  object space 40448K, 21% used [0x00000000a0000000,0x00000000a086b218,0x00000000a2780000)
 Metaspace       used 20791K, capacity 21198K, committed 21296K, reserved 1067008K
  class space    used 2708K, capacity 2825K, committed 2864K, reserved 1048576K
}
Event: 6.786 GC heap before
{Heap before GC invocations=8 (full 1):
 PSYoungGen      total 74240K, used 65536K [0x00000000e0000000, 0x00000000e5100000, 0x0000000100000000)
  eden space 65536K, 100% used [0x00000000e0000000,0x00000000e4000000,0x00000000e4000000)
  from space 8704K, 0% used [0x00000000e4880000,0x00000000e4880000,0x00000000e5100000)
  to   space 8704K, 0% used [0x00000000e4000000,0x00000000e4000000,0x00000000e4880000)
 ParOldGen       total 40448K, used 8620K [0x00000000a0000000, 0x00000000a2780000, 0x00000000e0000000)
  object space 40448K, 21% used [0x00000000a0000000,0x00000000a086b218,0x00000000a2780000)
 Metaspace       used 25885K, capacity 26440K, committed 26544K, reserved 1073152K
  class space    used 3561K, capacity 3712K, committed 3760K, reserved 1048576K
Event: 6.793 GC heap after
Heap after GC invocations=8 (full 1):
 PSYoungGen      total 74240K, used 7752K [0x00000000e0000000, 0x00000000e5100000, 0x0000000100000000)
  eden space 65536K, 0% used [0x00000000e0000000,0x00000000e0000000,0x00000000e4000000)
  from space 8704K, 89% used [0x00000000e4000000,0x00000000e4792280,0x00000000e4880000)
  to   space 8704K, 0% used [0x00000000e4880000,0x00000000e4880000,0x00000000e5100000)
 ParOldGen       total 40448K, used 8628K [0x00000000a0000000, 0x00000000a2780000, 0x00000000e0000000)
  object space 40448K, 21% used [0x00000000a0000000,0x00000000a086d218,0x00000000a2780000)
 Metaspace       used 25885K, capacity 26440K, committed 26544K, reserved 1073152K
  class space    used 3561K, capacity 3712K, committed 3760K, reserved 1048576K
}
Event: 8.714 GC heap before
{Heap before GC invocations=9 (full 1):
 PSYoungGen      total 74240K, used 73288K [0x00000000e0000000, 0x00000000e5100000, 0x0000000100000000)
  eden space 65536K, 100% used [0x00000000e0000000,0x00000000e4000000,0x00000000e4000000)
  from space 8704K, 89% used [0x00000000e4000000,0x00000000e4792280,0x00000000e4880000)
  to   space 8704K, 0% used [0x00000000e4880000,0x00000000e4880000,0x00000000e5100000)
 ParOldGen       total 40448K, used 8628K [0x00000000a0000000, 0x00000000a2780000, 0x00000000e0000000)
  object space 40448K, 21% used [0x00000000a0000000,0x00000000a086d218,0x00000000a2780000)
 Metaspace       used 28221K, capacity 28800K, committed 29104K, reserved 1075200K
  class space    used 3859K, capacity 4004K, committed 4016K, reserved 1048576K
Event: 8.719 GC heap after
Heap after GC invocations=9 (full 1):
 PSYoungGen      total 74240K, used 6428K [0x00000000e0000000, 0x00000000e5100000, 0x0000000100000000)
  eden space 65536K, 0% used [0x00000000e0000000,0x00000000e0000000,0x00000000e4000000)
  from space 8704K, 73% used [0x00000000e4880000,0x00000000e4ec73a0,0x00000000e5100000)
  to   space 8704K, 0% used [0x00000000e4000000,0x00000000e4000000,0x00000000e4880000)
 ParOldGen       total 40448K, used 8636K [0x00000000a0000000, 0x00000000a2780000, 0x00000000e0000000)
  object space 40448K, 21% used [0x00000000a0000000,0x00000000a086f218,0x00000000a2780000)
 Metaspace       used 28221K, capacity 28800K, committed 29104K, reserved 1075200K
  class space    used 3859K, capacity 4004K, committed 4016K, reserved 1048576K
}

