# JRE version: OpenJDK Runtime Environment (8.0_76-b03) (build 1.8.0_76-release-b03)
# Java VM: OpenJDK 64-Bit Server VM (25.76-b03 mixed mode windows-amd64 compressed oops)
Heap:
 PSYoungGen      total 93184K, used 64336K [0x00000000e0000000, 0x00000000e6780000, 0x0000000100000000)
  eden space 87040K, 67% used [0x00000000e0000000,0x00000000e39117b0,0x00000000e5500000)
  from space 6144K, 96% used [0x00000000e6180000,0x00000000e6742af0,0x00000000e6780000)
  to   space 9216K, 0% used [0x00000000e5580000,0x00000000e5580000,0x00000000e5e80000)
 ParOldGen       total 40960K, used 8813K [0x00000000a0000000, 0x00000000a2800000, 0x00000000e0000000)
  object space 40960K, 21% used [0x00000000a0000000,0x00000000a089b650,0x00000000a2800000)
 Metaspace       used 32077K, capacity 32836K, committed 33024K, reserved 1077248K
  class space    used 4354K, capacity 4559K, committed 4608K, reserved 1048576K
GC Heap History (10 events):
Event: 2.572 GC heap before
{Heap before GC invocations=5 (full 0):
 PSYoungGen      total 35328K, used 35296K [0x00000000e0000000, 0x00000000e2500000, 0x0000000100000000)
  eden space 32768K, 100% used [0x00000000e0000000,0x00000000e2000000,0x00000000e2000000)
  from space 2560K, 98% used [0x00000000e2280000,0x00000000e24f8020,0x00000000e2500000)
  to   space 2560K, 0% used [0x00000000e2000000,0x00000000e2000000,0x00000000e2280000)
 ParOldGen       total 44032K, used 4304K [0x00000000a0000000, 0x00000000a2b00000, 0x00000000e0000000)
  object space 44032K, 9% used [0x00000000a0000000,0x00000000a0434280,0x00000000a2b00000)
 Metaspace       used 18702K, capacity 19062K, committed 19328K, reserved 1067008K
  class space    used 2513K, capacity 2670K, committed 2688K, reserved 1048576K
Event: 2.580 GC heap after
Heap after GC invocations=5 (full 0):
 PSYoungGen      total 35328K, used 2560K [0x00000000e0000000, 0x00000000e5100000, 0x0000000100000000)
  eden space 32768K, 0% used [0x00000000e0000000,0x00000000e0000000,0x00000000e2000000)
  from space 2560K, 100% used [0x00000000e2000000,0x00000000e2280000,0x00000000e2280000)
  to   space 8704K, 0% used [0x00000000e4880000,0x00000000e4880000,0x00000000e5100000)
 ParOldGen       total 44032K, used 10503K [0x00000000a0000000, 0x00000000a2b00000, 0x00000000e0000000)
  object space 44032K, 23% used [0x00000000a0000000,0x00000000a0a41d38,0x00000000a2b00000)
 Metaspace       used 18702K, capacity 19062K, committed 19328K, reserved 1067008K
  class space    used 2513K, capacity 2670K, committed 2688K, reserved 1048576K
}
Event: 3.026 GC heap before
{Heap before GC invocations=6 (full 0):
 PSYoungGen      total 35328K, used 22301K [0x00000000e0000000, 0x00000000e5100000, 0x0000000100000000)
  eden space 32768K, 60% used [0x00000000e0000000,0x00000000e13474a8,0x00000000e2000000)
  from space 2560K, 100% used [0x00000000e2000000,0x00000000e2280000,0x00000000e2280000)
  to   space 8704K, 0% used [0x00000000e4880000,0x00000000e4880000,0x00000000e5100000)
 ParOldGen       total 44032K, used 10503K [0x00000000a0000000, 0x00000000a2b00000, 0x00000000e0000000)
  object space 44032K, 23% used [0x00000000a0000000,0x00000000a0a41d38,0x00000000a2b00000)
 Metaspace       used 20739K, capacity 21188K, committed 21296K, reserved 1067008K
  class space    used 2720K, capacity 2858K, committed 2944K, reserved 1048576K
Event: 3.033 GC heap after
Heap after GC invocations=6 (full 0):
 PSYoungGen      total 74240K, used 5397K [0x00000000e0000000, 0x00000000e5100000, 0x0000000100000000)
  eden space 65536K, 0% used [0x00000000e0000000,0x00000000e0000000,0x00000000e4000000)
  from space 8704K, 62% used [0x00000000e4880000,0x00000000e4dc56c0,0x00000000e5100000)
  to   space 8704K, 0% used [0x00000000e4000000,0x00000000e4000000,0x00000000e4880000)
 ParOldGen       total 44032K, used 10503K [0x00000000a0000000, 0x00000000a2b00000, 0x00000000e0000000)
  object space 44032K, 23% used [0x00000000a0000000,0x00000000a0a41d38,0x00000000a2b00000)
 Metaspace       used 20739K, capacity 21188K, committed 21296K, reserved 1067008K
  class space    used 2720K, capacity 2858K, committed 2944K, reserved 1048576K
}
Event: 3.033 GC heap before
{Heap before GC invocations=7 (full 1):
 PSYoungGen      total 74240K, used 5397K [0x00000000e0000000, 0x00000000e5100000, 0x0000000100000000)
  eden space 65536K, 0% used [0x00000000e0000000,0x00000000e0000000,0x00000000e4000000)
  from space 8704K, 62% used [0x00000000e4880000,0x00000000e4dc56c0,0x00000000e5100000)
  to   space 8704K, 0% used [0x00000000e4000000,0x00000000e4000000,0x00000000e4880000)
 ParOldGen       total 44032K, used 10503K [0x00000000a0000000, 0x00000000a2b00000, 0x00000000e0000000)
  object space 44032K, 23% used [0x00000000a0000000,0x00000000a0a41d38,0x00000000a2b00000)
 Metaspace       used 20739K, capacity 21188K, committed 21296K, reserved 1067008K
  class space    used 2720K, capacity 2858K, committed 2944K, reserved 1048576K
Event: 3.095 GC heap after
Heap after GC invocations=7 (full 1):
 PSYoungGen      total 74240K, used 0K [0x00000000e0000000, 0x00000000e5100000, 0x0000000100000000)
  eden space 65536K, 0% used [0x00000000e0000000,0x00000000e0000000,0x00000000e4000000)
  from space 8704K, 0% used [0x00000000e4880000,0x00000000e4880000,0x00000000e5100000)
  to   space 8704K, 0% used [0x00000000e4000000,0x00000000e4000000,0x00000000e4880000)
 ParOldGen       total 40960K, used 8797K [0x00000000a0000000, 0x00000000a2800000, 0x00000000e0000000)
  object space 40960K, 21% used [0x00000000a0000000,0x00000000a0897650,0x00000000a2800000)
 Metaspace       used 20739K, capacity 21188K, committed 21296K, reserved 1067008K
  class space    used 2720K, capacity 2858K, committed 2944K, reserved 1048576K
}
Event: 3.885 GC heap before
{Heap before GC invocations=8 (full 1):
 PSYoungGen      total 74240K, used 65536K [0x00000000e0000000, 0x00000000e5100000, 0x0000000100000000)
  eden space 65536K, 100% used [0x00000000e0000000,0x00000000e4000000,0x00000000e4000000)
  from space 8704K, 0% used [0x00000000e4880000,0x00000000e4880000,0x00000000e5100000)
  to   space 8704K, 0% used [0x00000000e4000000,0x00000000e4000000,0x00000000e4880000)
 ParOldGen       total 40960K, used 8797K [0x00000000a0000000, 0x00000000a2800000, 0x00000000e0000000)
  object space 40960K, 21% used [0x00000000a0000000,0x00000000a0897650,0x00000000a2800000)
 Metaspace       used 25790K, capacity 26430K, committed 26624K, reserved 1073152K
  class space    used 3564K, capacity 3745K, committed 3840K, reserved 1048576K
Event: 3.891 GC heap after
Heap after GC invocations=8 (full 1):
 PSYoungGen      total 74240K, used 7681K [0x00000000e0000000, 0x00000000e6b00000, 0x0000000100000000)
  eden space 65536K, 0% used [0x00000000e0000000,0x00000000e0000000,0x00000000e4000000)
  from space 8704K, 88% used [0x00000000e4000000,0x00000000e4780468,0x00000000e4880000)
  to   space 9728K, 0% used [0x00000000e6180000,0x00000000e6180000,0x00000000e6b00000)
 ParOldGen       total 40960K, used 8805K [0x00000000a0000000, 0x00000000a2800000, 0x00000000e0000000)
  object space 40960K, 21% used [0x00000000a0000000,0x00000000a0899650,0x00000000a2800000)
 Metaspace       used 25790K, capacity 26430K, committed 26624K, reserved 1073152K
  class space    used 3564K, capacity 3745K, committed 3840K, reserved 1048576K
}
Event: 5.291 GC heap before
{Heap before GC invocations=9 (full 1):
 PSYoungGen      total 74240K, used 73217K [0x00000000e0000000, 0x00000000e6b00000, 0x0000000100000000)
  eden space 65536K, 100% used [0x00000000e0000000,0x00000000e4000000,0x00000000e4000000)
  from space 8704K, 88% used [0x00000000e4000000,0x00000000e4780468,0x00000000e4880000)
  to   space 9728K, 0% used [0x00000000e6180000,0x00000000e6180000,0x00000000e6b00000)
 ParOldGen       total 40960K, used 8805K [0x00000000a0000000, 0x00000000a2800000, 0x00000000e0000000)
  object space 40960K, 21% used [0x00000000a0000000,0x00000000a0899650,0x00000000a2800000)
 Metaspace       used 28121K, capacity 28694K, committed 28928K, reserved 1075200K
  class space    used 3851K, capacity 4005K, committed 4096K, reserved 1048576K
Event: 5.296 GC heap after
Heap after GC invocations=9 (full 1):
 PSYoungGen      total 93184K, used 5898K [0x00000000e0000000, 0x00000000e6780000, 0x0000000100000000)
  eden space 87040K, 0% used [0x00000000e0000000,0x00000000e0000000,0x00000000e5500000)
  from space 6144K, 96% used [0x00000000e6180000,0x00000000e6742af0,0x00000000e6780000)
  to   space 9216K, 0% used [0x00000000e5580000,0x00000000e5580000,0x00000000e5e80000)
 ParOldGen       total 40960K, used 8813K [0x00000000a0000000, 0x00000000a2800000, 0x00000000e0000000)
  object space 40960K, 21% used [0x00000000a0000000,0x00000000a089b650,0x00000000a2800000)
 Metaspace       used 28121K, capacity 28694K, committed 28928K, reserved 1075200K
  class space    used 3851K, capacity 4005K, committed 4096K, reserved 1048576K
}

